<?xml version="1.0" encoding="UTF-8"?>
<testng-results ignored="0" total="1" passed="1" failed="0" skipped="0">
  <reporter-output>
  </reporter-output>
  <suite started-at="2022-09-20T19:41:13 IST" name="Default suite" finished-at="2022-09-20T19:41:13 IST" duration-ms="34">
    <groups>
    </groups>
    <test started-at="2022-09-20T19:41:13 IST" name="Default test" finished-at="2022-09-20T19:41:13 IST" duration-ms="34">
      <class name="Practice.ContactTest">
        <test-method signature="contact()[pri:0, instance:Practice.ContactTest@696da30b]" started-at="2022-09-20T19:41:13 IST" name="contact" finished-at="2022-09-20T19:41:13 IST" duration-ms="6" status="PASS">
          <reporter-output>
          </reporter-output>
        </test-method> <!-- contact -->
      </class> <!-- Practice.ContactTest -->
    </test> <!-- Default test -->
  </suite> <!-- Default suite -->
</testng-results>
